Arguments: 
  C:\Program Files\nodejs\node.exe C:\Users\olegstan\AppData\Roaming\npm\node_modules\yarn\bin\yarn.js build

PATH: 
  C:\Program Files\Common Files\Oracle\Java\javapath;C:\Program Files\Microsoft\jdk-11.0.16.101-hotspot\bin;C:\WINDOWS\system32;C:\WINDOWS;C:\WINDOWS\System32\Wbem;C:\WINDOWS\System32\WindowsPowerShell\v1.0\;C:\WINDOWS\System32\OpenSSH\;C:\ProgramData\chocolatey\bin;D:\xampp64\php;C:\composer;C:\Program Files\Git\cmd;C:\Users\olegstan\AppData\Roaming\npm;C:\Users\olegstan\AppData\Local\Android\Sdk\platform-tools;C:\Program Files\OpenJDK\openjdk-8u302-b08\bin;C:\Users\olegstan\tools\gradle\gradle-6.9.1\bin;C:\Program Files\PuTTY\;C:\Program Files (x86)\AMD\ATI.ACE\Core-Static;C:\Program Files\Calibre2\;C:\Program Files (x86)\NVIDIA Corporation\PhysX\Common;C:\Program Files\NVIDIA Corporation\NVIDIA NvDLISR;C:\Program Files\nodejs\;C:\Program Files\Microsoft SQL Server\130\Tools\Binn\;C:\Program Files\dotnet\;C:\Users\olegstan\AppData\Local\Programs\Python\Python310\;C:\Users\olegstan\AppData\Local\Programs\Python\Python310\Scripts\;D:\xampp64\mysql\bin;C:\Python27;C:\Python27\Scripts;C:\Program Files\Tesseract-OCR;C:\Program Files\OpenSSL-Win64\bin;C:\Program Files\PostgreSQL\16rc1\bin;C:\Program Files\Docker\Docker\resources\bin;C:\Program Files\Microsoft SQL Server\150\Tools\Binn\;C:\Program Files\Microsoft SQL Server\Client SDK\ODBC\170\Tools\Binn\;C:\Program Files (x86)\Windows Kits\10\Windows Performance Toolkit\;C:\nuget;C:\Program Files (x86)\Lua\5.1;C:\Program Files (x86)\Lua\5.1\clibs;C:\Users\olegstan\AppData\Local\Programs\Python\Python310\Scripts\;C:\Users\olegstan\AppData\Local\Programs\Python\Python310\;C:\Users\olegstan\scoop\shims;C:\Users\olegstan\AppData\Local\Microsoft\WindowsApps;C:\Users\olegstan\AppData\Roaming\Composer\vendor\bin;D:\xampp64\php;C:\Users\olegstan\AppData\Local\Android\Sdk\platform-tools;C:\Users\olegstan\tools\gradle\gradle-6.9.1\bin;C:\Users\olegstan\AppData\Local\Microsoft\WindowsApps;C:\Users\olegstan\AppData\Roaming\npm;C:\Program Files\dotnet;C:\Users\olegstan\.dotnet\tools;C:\Python27;C:\Python27\Scripts;C:\Program Files\PostgreSQL\16rc1\bin;C:\nuget;;C:\Program Files\JetBrains\IntelliJ IDEA 2022.2\bin;

Yarn version: 
  1.22.19

Node version: 
  19.7.0

Platform: 
  win32 x64

Trace: 
  SyntaxError: D:\xampp64\htdocs\notify-component\package.json: Expected ',' or '}' after property value in JSON at position 363
      at JSON.parse (<anonymous>)
      at C:\Users\olegstan\AppData\Roaming\npm\node_modules\yarn\lib\cli.js:1629:59
      at Generator.next (<anonymous>)
      at step (C:\Users\olegstan\AppData\Roaming\npm\node_modules\yarn\lib\cli.js:310:30)
      at C:\Users\olegstan\AppData\Roaming\npm\node_modules\yarn\lib\cli.js:321:13

npm manifest: 
  {
    "name": "notify-component",
    "productName": "notify-component",
    "version": "1.1.4",
    "description": "notify-component",
    "main": "dist/index.js",
    "keywords": [],
    "author": {
      "name": "Abramov Oleg",
      "email": "olegstan1@gmail.com"
    },
    "scripts": {
      "build:map": "babel src -d dist  --source-maps && copyfiles -u 1 src/images/* dist/"
      "build": "babel src -d dist && copyfiles -u 1 src/images/* dist/"
    },
    "license": "MIT",
    "dependencies": {
      "react": "^18.2.0",
      "react-dom": "^18.2.0",
      "styled-components": "^5.3.5"
    },
    "devDependencies": {
      "@babel/cli": "^7.19.3",
      "@babel/core": "^7.20.2",
      "@babel/preset-env": "^7.20.2",
      "@babel/preset-react": "^7.0.0",
      "babel-plugin-source-map-support": "^2.2.0",
      "copyfiles": "^2.4.1"
    },
    "babel": {
      "presets": [
        "@babel/preset-react"
      ]
    },
    "browserslist": [
      ">0.2%",
      "not dead",
      "not op_mini all"
    ]
  }

yarn manifest: 
  No manifest

Lockfile: 
  No lockfile
